------------------------------
Process Logger :Tue Nov 29 04:24:45 2022
------------------------------
{'pid': 0, 'username': 'NT AUTHORITY\\SYSTEM', 'name': 'System Idle Process'}
{'pid': 4, 'username': 'NT AUTHORITY\\SYSTEM', 'name': 'System'}
{'pid': 124, 'username': None, 'name': 'Registry'}
{'pid': 520, 'username': None, 'name': 'smss.exe'}
{'pid': 556, 'username': None, 'name': 'fontdrvhost.exe'}
{'pid': 692, 'username': 'DESKTOP-9DEGUJ6\\Admin', 'name': 'Code.exe'}
{'pid': 780, 'username': None, 'name': 'csrss.exe'}
{'pid': 804, 'username': None, 'name': 'svchost.exe'}
{'pid': 880, 'username': None, 'name': 'wininit.exe'}
{'pid': 952, 'username': None, 'name': 'services.exe'}
{'pid': 972, 'username': None, 'name': 'lsass.exe'}
{'pid': 992, 'username': None, 'name': 'WUDFHost.exe'}
{'pid': 1092, 'username': None, 'name': 'svchost.exe'}
{'pid': 1116, 'username': None, 'name': 'svchost.exe'}
{'pid': 1148, 'username': None, 'name': 'svchost.exe'}
{'pid': 1312, 'username': None, 'name': 'TrustedInstaller.exe'}
{'pid': 1316, 'username': 'DESKTOP-9DEGUJ6\\Admin', 'name': 'GoogleDriveFS.exe'}
{'pid': 1400, 'username': 'DESKTOP-9DEGUJ6\\Admin', 'name': 'TextInputHost.exe'}
{'pid': 1404, 'username': None, 'name': 'svchost.exe'}
{'pid': 1412, 'username': None, 'name': 'svchost.exe'}
{'pid': 1420, 'username': None, 'name': 'svchost.exe'}
{'pid': 1500, 'username': None, 'name': 'svchost.exe'}
{'pid': 1508, 'username': None, 'name': 'svchost.exe'}
{'pid': 1596, 'username': None, 'name': 'svchost.exe'}
{'pid': 1612, 'username': None, 'name': 'svchost.exe'}
{'pid': 1632, 'username': None, 'name': 'svchost.exe'}
{'pid': 1664, 'username': None, 'name': 'IntelCpHDCPSvc.exe'}
{'pid': 1712, 'username': None, 'name': 'MemCompression'}
{'pid': 1752, 'username': 'DESKTOP-9DEGUJ6\\Admin', 'name': 'msedge.exe'}
{'pid': 1812, 'username': None, 'name': 'svchost.exe'}
{'pid': 1824, 'username': 'DESKTOP-9DEGUJ6\\Admin', 'name': 'UserOOBEBroker.exe'}
{'pid': 1872, 'username': None, 'name': 'svchost.exe'}
{'pid': 1876, 'username': None, 'name': 'svchost.exe'}
{'pid': 1936, 'username': None, 'name': 'svchost.exe'}
{'pid': 2004, 'username': None, 'name': 'IntelCpHeciSvc.exe'}
{'pid': 2036, 'username': None, 'name': 'igfxCUIService.exe'}
{'pid': 2092, 'username': None, 'name': 'svchost.exe'}
{'pid': 2152, 'username': 'DESKTOP-9DEGUJ6\\Admin', 'name': 'chrome.exe'}
{'pid': 2172, 'username': None, 'name': 'svchost.exe'}
{'pid': 2216, 'username': None, 'name': 'svchost.exe'}
{'pid': 2220, 'username': None, 'name': 'svchost.exe'}
{'pid': 2260, 'username': None, 'name': 'svchost.exe'}
{'pid': 2316, 'username': None, 'name': 'SynTPEnhService.exe'}
{'pid': 2408, 'username': None, 'name': 'svchost.exe'}
{'pid': 2444, 'username': None, 'name': 'svchost.exe'}
{'pid': 2488, 'username': None, 'name': 'svchost.exe'}
{'pid': 2548, 'username': None, 'name': 'svchost.exe'}
{'pid': 2568, 'username': None, 'name': 'svchost.exe'}
{'pid': 2604, 'username': None, 'name': 'svchost.exe'}
{'pid': 2644, 'username': None, 'name': 'svchost.exe'}
{'pid': 2736, 'username': None, 'name': 'NVDisplay.Container.exe'}
{'pid': 2816, 'username': None, 'name': 'svchost.exe'}
{'pid': 2836, 'username': 'DESKTOP-9DEGUJ6\\Admin', 'name': 'python3.10.exe'}
{'pid': 2952, 'username': None, 'name': 'svchost.exe'}
{'pid': 3000, 'username': None, 'name': 'svchost.exe'}
{'pid': 3008, 'username': None, 'name': 'svchost.exe'}
{'pid': 3196, 'username': None, 'name': 'svchost.exe'}
{'pid': 3316, 'username': None, 'name': 'svchost.exe'}
{'pid': 3324, 'username': None, 'name': 'svchost.exe'}
{'pid': 3332, 'username': None, 'name': 'svchost.exe'}
{'pid': 3604, 'username': None, 'name': 'svchost.exe'}
{'pid': 3656, 'username': None, 'name': 'svchost.exe'}
{'pid': 3740, 'username': None, 'name': 'svchost.exe'}
{'pid': 3840, 'username': None, 'name': 'spoolsv.exe'}
{'pid': 3880, 'username': None, 'name': 'wlanext.exe'}
{'pid': 3896, 'username': None, 'name': 'svchost.exe'}
{'pid': 3916, 'username': None, 'name': 'conhost.exe'}
{'pid': 3936, 'username': 'DESKTOP-9DEGUJ6\\Admin', 'name': 'chrome.exe'}
{'pid': 3940, 'username': None, 'name': 'WmiPrvSE.exe'}
{'pid': 3996, 'username': None, 'name': 'svchost.exe'}
{'pid': 4212, 'username': 'DESKTOP-9DEGUJ6\\Admin', 'name': 'chrome.exe'}
{'pid': 4232, 'username': None, 'name': 'svchost.exe'}
{'pid': 4240, 'username': None, 'name': 'svchost.exe'}
{'pid': 4248, 'username': None, 'name': 'svchost.exe'}
{'pid': 4272, 'username': None, 'name': 'svchost.exe'}
{'pid': 4280, 'username': None, 'name': 'svchost.exe'}
{'pid': 4288, 'username': None, 'name': 'svchost.exe'}
{'pid': 4296, 'username': None, 'name': 'svchost.exe'}
{'pid': 4304, 'username': None, 'name': 'svchost.exe'}
{'pid': 4312, 'username': None, 'name': 'armsvc.exe'}
{'pid': 4320, 'username': None, 'name': 'svchost.exe'}
{'pid': 4328, 'username': None, 'name': 'XtuService.exe'}
{'pid': 4352, 'username': None, 'name': 'CxAudioSvc.exe'}
{'pid': 4360, 'username': None, 'name': 'VPNServiceHost.exe'}
{'pid': 4456, 'username': None, 'name': 'jhi_service.exe'}
{'pid': 4480, 'username': None, 'name': 'svchost.exe'}
{'pid': 4488, 'username': None, 'name': 'Lavasoft.WCAssistant.WinService.exe'}
{'pid': 4496, 'username': None, 'name': 'OneApp.IGCC.WinService.exe'}
{'pid': 4508, 'username': None, 'name': 'SynAudSrv.exe'}
{'pid': 4520, 'username': None, 'name': 'MsMpEng.exe'}
{'pid': 4528, 'username': None, 'name': 'SECOMN64.exe'}
{'pid': 4536, 'username': None, 'name': 'RtkBtManServ.exe'}
{'pid': 4560, 'username': None, 'name': 'esif_uf.exe'}
{'pid': 4640, 'username': None, 'name': 'RstMwService.exe'}
{'pid': 4672, 'username': None, 'name': 'RtkAudUService64.exe'}
{'pid': 4736, 'username': None, 'name': 'svchost.exe'}
{'pid': 4816, 'username': None, 'name': 'svchost.exe'}
{'pid': 4828, 'username': 'DESKTOP-9DEGUJ6\\Admin', 'name': 'svchost.exe'}
{'pid': 4892, 'username': None, 'name': 'mongod.exe'}
{'pid': 4908, 'username': None, 'name': 'svchost.exe'}
{'pid': 5040, 'username': None, 'name': 'LMS.exe'}
{'pid': 5096, 'username': None, 'name': 'svchost.exe'}
{'pid': 5112, 'username': 'DESKTOP-9DEGUJ6\\Admin', 'name': 'conhost.exe'}
{'pid': 5968, 'username': None, 'name': 'svchost.exe'}
{'pid': 6032, 'username': None, 'name': 'svchost.exe'}
{'pid': 6352, 'username': None, 'name': 'svchost.exe'}
{'pid': 6424, 'username': None, 'name': 'NisSrv.exe'}
{'pid': 6820, 'username': 'DESKTOP-9DEGUJ6\\Admin', 'name': 'SynTPEnh.exe'}
{'pid': 6852, 'username': None, 'name': 'svchost.exe'}
{'pid': 7044, 'username': 'DESKTOP-9DEGUJ6\\Admin', 'name': 'taskhostw.exe'}
{'pid': 7304, 'username': None, 'name': 'svchost.exe'}
{'pid': 7356, 'username': 'DESKTOP-9DEGUJ6\\Admin', 'name': 'Code.exe'}
{'pid': 7360, 'username': None, 'name': 'SgrmBroker.exe'}
{'pid': 7404, 'username': None, 'name': 'dwm.exe'}
{'pid': 7484, 'username': None, 'name': 'svchost.exe'}
{'pid': 7536, 'username': 'DESKTOP-9DEGUJ6\\Admin', 'name': 'ShellExperienceHost.exe'}
{'pid': 7672, 'username': None, 'name': 'audiodg.exe'}
{'pid': 7680, 'username': None, 'name': 'SearchFilterHost.exe'}
{'pid': 7852, 'username': 'DESKTOP-9DEGUJ6\\Admin', 'name': 'msedgewebview2.exe'}
{'pid': 7888, 'username': None, 'name': 'svchost.exe'}
{'pid': 7992, 'username': 'DESKTOP-9DEGUJ6\\Admin', 'name': 'RuntimeBroker.exe'}
{'pid': 8116, 'username': None, 'name': 'svchost.exe'}
{'pid': 8172, 'username': None, 'name': 'dasHost.exe'}
{'pid': 8248, 'username': 'DESKTOP-9DEGUJ6\\Admin', 'name': 'conhost.exe'}
{'pid': 8440, 'username': 'DESKTOP-9DEGUJ6\\Admin', 'name': 'Code.exe'}
{'pid': 8588, 'username': 'DESKTOP-9DEGUJ6\\Admin', 'name': 'msedge.exe'}
{'pid': 8600, 'username': 'DESKTOP-9DEGUJ6\\Admin', 'name': 'crashpad_handler.exe'}
{'pid': 8684, 'username': 'DESKTOP-9DEGUJ6\\Admin', 'name': 'ApplicationFrameHost.exe'}
{'pid': 8780, 'username': 'DESKTOP-9DEGUJ6\\Admin', 'name': 'WebCompanion.exe'}
{'pid': 8848, 'username': None, 'name': 'svchost.exe'}
{'pid': 8948, 'username': None, 'name': 'fodhelper.exe'}
{'pid': 9036, 'username': 'DESKTOP-9DEGUJ6\\Admin', 'name': 'RuntimeBroker.exe'}
{'pid': 9048, 'username': None, 'name': 'svchost.exe'}
{'pid': 9100, 'username': None, 'name': 'SearchIndexer.exe'}
{'pid': 9104, 'username': 'DESKTOP-9DEGUJ6\\Admin', 'name': 'QuickLook.exe'}
{'pid': 9300, 'username': 'DESKTOP-9DEGUJ6\\Admin', 'name': 'msedge.exe'}
{'pid': 9548, 'username': 'DESKTOP-9DEGUJ6\\Admin', 'name': 'conhost.exe'}
{'pid': 9860, 'username': 'DESKTOP-9DEGUJ6\\Admin', 'name': 'python.exe'}
{'pid': 10196, 'username': 'DESKTOP-9DEGUJ6\\Admin', 'name': 'GoogleDriveFS.exe'}
{'pid': 10220, 'username': None, 'name': 'svchost.exe'}
{'pid': 10276, 'username': None, 'name': 'TiWorker.exe'}
{'pid': 10296, 'username': None, 'name': 'winlogon.exe'}
{'pid': 10780, 'username': 'DESKTOP-9DEGUJ6\\Admin', 'name': 'msedgewebview2.exe'}
{'pid': 10924, 'username': 'DESKTOP-9DEGUJ6\\Admin', 'name': 'conhost.exe'}
{'pid': 11260, 'username': None, 'name': 'SecurityHealthService.exe'}
{'pid': 11384, 'username': 'DESKTOP-9DEGUJ6\\Admin', 'name': 'msedgewebview2.exe'}
{'pid': 11664, 'username': 'DESKTOP-9DEGUJ6\\Admin', 'name': 'chrome.exe'}
{'pid': 11700, 'username': 'DESKTOP-9DEGUJ6\\Admin', 'name': 'python3.10.exe'}
{'pid': 11808, 'username': 'DESKTOP-9DEGUJ6\\Admin', 'name': 'RuntimeBroker.exe'}
{'pid': 12088, 'username': None, 'name': 'svchost.exe'}
{'pid': 12100, 'username': 'DESKTOP-9DEGUJ6\\Admin', 'name': 'msedgewebview2.exe'}
{'pid': 12136, 'username': None, 'name': 'svchost.exe'}
{'pid': 12188, 'username': 'DESKTOP-9DEGUJ6\\Admin', 'name': 'helper.exe'}
{'pid': 12540, 'username': None, 'name': 'svchost.exe'}
{'pid': 12596, 'username': 'DESKTOP-9DEGUJ6\\Admin', 'name': 'ctfmon.exe'}
{'pid': 12600, 'username': 'DESKTOP-9DEGUJ6\\Admin', 'name': 'chrome.exe'}
{'pid': 12748, 'username': None, 'name': 'svchost.exe'}
{'pid': 13176, 'username': None, 'name': 'MoUsoCoreWorker.exe'}
{'pid': 13188, 'username': 'DESKTOP-9DEGUJ6\\Admin', 'name': 'conhost.exe'}
{'pid': 13452, 'username': 'DESKTOP-9DEGUJ6\\Admin', 'name': 'StartMenuExperienceHost.exe'}
{'pid': 13544, 'username': 'DESKTOP-9DEGUJ6\\Admin', 'name': 'svchost.exe'}
{'pid': 13564, 'username': 'DESKTOP-9DEGUJ6\\Admin', 'name': 'sihost.exe'}
{'pid': 13668, 'username': 'DESKTOP-9DEGUJ6\\Admin', 'name': 'GoogleDriveFS.exe'}
{'pid': 13788, 'username': None, 'name': 'svchost.exe'}
{'pid': 13800, 'username': None, 'name': 'svchost.exe'}
{'pid': 14124, 'username': 'DESKTOP-9DEGUJ6\\Admin', 'name': 'Code.exe'}
{'pid': 14172, 'username': 'DESKTOP-9DEGUJ6\\Admin', 'name': 'cmd.exe'}
{'pid': 14188, 'username': 'DESKTOP-9DEGUJ6\\Admin', 'name': 'GoogleDriveFS.exe'}
{'pid': 14196, 'username': 'DESKTOP-9DEGUJ6\\Admin', 'name': 'chrome.exe'}
{'pid': 14244, 'username': 'DESKTOP-9DEGUJ6\\Admin', 'name': 'RuntimeBroker.exe'}
{'pid': 14440, 'username': 'DESKTOP-9DEGUJ6\\Admin', 'name': 'Code.exe'}
{'pid': 14576, 'username': 'DESKTOP-9DEGUJ6\\Admin', 'name': 'GoogleDriveFS.exe'}
{'pid': 14636, 'username': 'DESKTOP-9DEGUJ6\\Admin', 'name': 'chrome.exe'}
{'pid': 14656, 'username': 'DESKTOP-9DEGUJ6\\Admin', 'name': 'explorer.exe'}
{'pid': 14780, 'username': 'DESKTOP-9DEGUJ6\\Admin', 'name': 'SearchApp.exe'}
{'pid': 15228, 'username': 'DESKTOP-9DEGUJ6\\Admin', 'name': 'SystemSettingsBroker.exe'}
{'pid': 15424, 'username': 'DESKTOP-9DEGUJ6\\Admin', 'name': 'SearchApp.exe'}
{'pid': 15656, 'username': None, 'name': 'svchost.exe'}
{'pid': 15668, 'username': 'DESKTOP-9DEGUJ6\\Admin', 'name': 'chrome.exe'}
{'pid': 15712, 'username': 'DESKTOP-9DEGUJ6\\Admin', 'name': 'chrome.exe'}
{'pid': 15904, 'username': 'DESKTOP-9DEGUJ6\\Admin', 'name': 'svchost.exe'}
{'pid': 16244, 'username': 'DESKTOP-9DEGUJ6\\Admin', 'name': 'SystemSettings.exe'}
{'pid': 16352, 'username': 'DESKTOP-9DEGUJ6\\Admin', 'name': 'chrome.exe'}
{'pid': 16404, 'username': 'DESKTOP-9DEGUJ6\\Admin', 'name': 'Code.exe'}
{'pid': 16468, 'username': 'DESKTOP-9DEGUJ6\\Admin', 'name': 'chrome.exe'}
{'pid': 16472, 'username': None, 'name': 'fontdrvhost.exe'}
{'pid': 16968, 'username': 'DESKTOP-9DEGUJ6\\Admin', 'name': 'Code.exe'}
{'pid': 16976, 'username': 'DESKTOP-9DEGUJ6\\Admin', 'name': 'msedgewebview2.exe'}
{'pid': 17100, 'username': None, 'name': 'NVDisplay.Container.exe'}
{'pid': 17648, 'username': 'DESKTOP-9DEGUJ6\\Admin', 'name': 'chrome.exe'}
{'pid': 17692, 'username': 'DESKTOP-9DEGUJ6\\Admin', 'name': 'svchost.exe'}
{'pid': 18192, 'username': 'DESKTOP-9DEGUJ6\\Admin', 'name': 'taskhostw.exe'}
{'pid': 18456, 'username': 'DESKTOP-9DEGUJ6\\Admin', 'name': 'msedge.exe'}
{'pid': 18464, 'username': 'DESKTOP-9DEGUJ6\\Admin', 'name': 'SecurityHealthSystray.exe'}
{'pid': 18960, 'username': 'DESKTOP-9DEGUJ6\\Admin', 'name': 'conhost.exe'}
{'pid': 18964, 'username': 'DESKTOP-9DEGUJ6\\Admin', 'name': 'dllhost.exe'}
{'pid': 19080, 'username': 'DESKTOP-9DEGUJ6\\Admin', 'name': 'Code.exe'}
{'pid': 19200, 'username': 'DESKTOP-9DEGUJ6\\Admin', 'name': 'bittorrentie.exe'}
{'pid': 19248, 'username': 'DESKTOP-9DEGUJ6\\Admin', 'name': 'TabTip.exe'}
{'pid': 19348, 'username': 'DESKTOP-9DEGUJ6\\Admin', 'name': 'BitTorrent.exe'}
{'pid': 19360, 'username': None, 'name': 'csrss.exe'}
{'pid': 19556, 'username': None, 'name': 'svchost.exe'}
{'pid': 19704, 'username': 'DESKTOP-9DEGUJ6\\Admin', 'name': 'msedgewebview2.exe'}
{'pid': 20204, 'username': 'DESKTOP-9DEGUJ6\\Admin', 'name': 'OneDrive.exe'}
{'pid': 20352, 'username': 'DESKTOP-9DEGUJ6\\Admin', 'name': 'RtkAudUService64.exe'}
{'pid': 20524, 'username': 'DESKTOP-9DEGUJ6\\Admin', 'name': 'chrome.exe'}
{'pid': 20564, 'username': 'DESKTOP-9DEGUJ6\\Admin', 'name': 'msedge.exe'}
{'pid': 20668, 'username': 'DESKTOP-9DEGUJ6\\Admin', 'name': 'python3.10.exe'}
{'pid': 20700, 'username': 'DESKTOP-9DEGUJ6\\Admin', 'name': 'taskhostw.exe'}
{'pid': 20824, 'username': None, 'name': 'SearchProtocolHost.exe'}
{'pid': 20876, 'username': 'DESKTOP-9DEGUJ6\\Admin', 'name': 'crashpad_handler.exe'}
{'pid': 20944, 'username': 'DESKTOP-9DEGUJ6\\Admin', 'name': 'Code.exe'}
{'pid': 21028, 'username': 'DESKTOP-9DEGUJ6\\Admin', 'name': 'bittorrentie.exe'}
{'pid': 21092, 'username': 'DESKTOP-9DEGUJ6\\Admin', 'name': 'GoogleDriveFS.exe'}
{'pid': 21120, 'username': 'DESKTOP-9DEGUJ6\\Admin', 'name': 'Code.exe'}
{'pid': 21128, 'username': 'DESKTOP-9DEGUJ6\\Admin', 'name': 'SECOCL64.exe'}
{'pid': 21312, 'username': 'DESKTOP-9DEGUJ6\\Admin', 'name': 'igfxEM.exe'}
{'pid': 21476, 'username': 'DESKTOP-9DEGUJ6\\Admin', 'name': 'msedgewebview2.exe'}
{'pid': 21500, 'username': 'DESKTOP-9DEGUJ6\\Admin', 'name': 'msedge.exe'}
{'pid': 21520, 'username': 'DESKTOP-9DEGUJ6\\Admin', 'name': 'AdobeARM.exe'}
{'pid': 21748, 'username': 'DESKTOP-9DEGUJ6\\Admin', 'name': 'svchost.exe'}
{'pid': 21768, 'username': 'DESKTOP-9DEGUJ6\\Admin', 'name': 'msedgewebview2.exe'}
{'pid': 21832, 'username': None, 'name': 'svchost.exe'}
{'pid': 21840, 'username': 'DESKTOP-9DEGUJ6\\Admin', 'name': 'GoogleDriveFS.exe'}
{'pid': 22044, 'username': 'DESKTOP-9DEGUJ6\\Admin', 'name': 'python3.10.exe'}
{'pid': 22244, 'username': 'DESKTOP-9DEGUJ6\\Admin', 'name': 'svchost.exe'}
{'pid': 22388, 'username': 'DESKTOP-9DEGUJ6\\Admin', 'name': 'svchost.exe'}
{'pid': 22440, 'username': None, 'name': 'svchost.exe'}
